Running 1 processes.
Start training small_toy with seed 1.
Any[]
(2, 13)
(2, 6)
(2, 3)
(2, 4)
dimension: 2, class: 3
cart cost: 7.9
size of X: (2, 9)
ngroups: 2
UB: 5.299999999999999
Iter	left	lev	LB	UB	gap	
0      0      1          0.1000     5.3000     5200.0000  % 
UB: 5.299999999999999
branching on 1 with d.
1      1      2          0.1000     5.3000     5200.0000  % 
LB close or above UB, fathomed
2      0      2          0.1000     5.3000     5200.0000  % 
UB: 5.299999999999999
branching on 2 with d.
3      1      3          0.1000     5.3000     5200.0000  % 
UB: 5.299999999999999
branching on 3 with d.
4      2      3          0.1000     5.3000     5200.0000  % 
UB: 5.299999999999999
branching on 3 with d.
5      3      4          0.1000     5.3000     5200.0000  % 
UB: 5.299999999999999
branching on CartesianIndex(1, 1) with a.
6      4      5          0.1000     5.3000     5200.0000  % 
UB: 5.299999999999999
branching on 1 with b.
7      5      5          0.1000     5.3000     5200.0000  % 
UB: 5.299999999999999
branching on 1 with b.
8      6      4          0.1000     5.3000     5200.0000  % 
UB: 5.299999999999999
branching on CartesianIndex(1, 1) with a.
9      7      4          0.1000     5.3000     5200.0000  % 
LB close or above UB, fathomed
10     6      4          0.1000     5.3000     5200.0000  % 
UB: 5.299999999999999
branching on 1 with b.
11     7      5          0.1000     5.3000     5200.0000  % 
UB: 5.299999999999999
branching on CartesianIndex(1, 1) with a.
12     8      6          0.1000     5.3000     5200.0000  % 
UB: 5.299999999999999
branching on 1 with b.
13     9      6          0.1000     5.3000     5200.0000  % 
UB: 5.299999999999999
branching on 1 with b.
14     10     5          0.1000     5.3000     5200.0000  % 
LB close or above UB, fathomed
15     9      5          0.1500     5.3000     3433.3333  % 
UB: 5.299999999999999
branching on 1 with b.
16     10     6          0.1500     5.3000     3433.3333  % 
UB: 5.299999999999999
branching on CartesianIndex(1, 2) with a.
17     11     6          0.1500     5.3000     3433.3333  % 
UB: 5.299999999999999
branching on CartesianIndex(1, 2) with a.
18     12     5          0.1500     5.3000     3433.3333  % 
UB: 5.299999999999999
branching on CartesianIndex(1, 2) with a.
19     13     6          0.1500     5.3000     3433.3333  % 
UB: 5.299999999999999
branching on CartesianIndex(1, 3) with a.
20     14     7          0.1500     5.3000     3433.3333  % 
UB: 5.299999999999999
branching on CartesianIndex(1, 4) with c.
21     15     8          0.1500     5.3000     3433.3333  % 
UB: 5.299999999999999
branching on 1 with b.
22     16     8          0.1500     5.3000     3433.3333  % 
UB: 5.299999999999999
branching on CartesianIndex(1, 5) with c.
23     17     9          0.1500     5.3000     3433.3333  % 
UB: 5.299999999999999
branching on CartesianIndex(2, 5) with c.
24     18     10         0.1500     5.3000     3433.3333  % 
UB: 5.299999999999999
branching on 1 with b.
25     19     10         0.1500     5.3000     3433.3333  % 
UB: 5.299999999999999
branching on 1 with b.
26     20     11         0.1500     5.3000     3433.3333  % 
UB: 5.299999999999999
branching on 1 with b.
27     21     11         0.1500     5.3000     3433.3333  % 
UB: 5.299999999999999
branching on 1 with b.
28     22     12         0.1500     5.3000     3433.3333  % 
UB: 5.299999999999999
branching on 2 with b.
29     23     12         0.1500     5.3000     3433.3333  % 
LB close or above UB, fathomed
30     22     9          0.1500     5.3000     3433.3333  % 
UB: 5.299999999999999
branching on 1 with b.
31     23     7          0.1500     5.3000     3433.3333  % 
UB: 5.299999999999999
branching on CartesianIndex(1, 4) with c.
32     24     6          0.1500     5.3000     3433.3333  % 
UB: 5.299999999999999
branching on 1 with b.
33     25     7          2.7000     5.3000     96.2963    % 
LB close or above UB, fathomed
34     24     7          2.7000     5.3000     96.2963    % 
UB: 5.299999999999999
branching on CartesianIndex(1, 3) with a.
35     25     8          2.7000     5.3000     96.2963    % 
LB close or above UB, fathomed
36     24     8          2.7000     5.3000     96.2963    % 
UB: 5.299999999999999
branching on CartesianIndex(1, 5) with c.
37     25     9          2.7000     5.3000     96.2963    % 
LB close or above UB, fathomed
38     24     9          2.7000     5.3000     96.2963    % 
UB: 5.299999999999999
branching on 3 with b.
39     25     10         2.7000     5.3000     96.2963    % 
LB close or above UB, fathomed
40     24     10         2.7000     5.3000     96.2963    % 
LB close or above UB, fathomed
41     23     6          2.7000     5.3000     96.2963    % 
LB close or above UB, fathomed
42     22     6          2.7000     5.3000     96.2963    % 
UB: 5.299999999999999
branching on 1 with b.
43     23     7          2.7000     5.3000     96.2963    % 
LB close or above UB, fathomed
44     22     7          2.7000     5.3000     96.2963    % 
UB: 5.299999999999999
branching on CartesianIndex(1, 2) with a.
45     23     8          2.7000     5.3000     96.2963    % 
UB: 5.299999999999999
branching on 2 with b.
46     24     9          2.7000     5.3000     96.2963    % 
LB close or above UB, fathomed
47     23     9          2.7000     5.3000     96.2963    % 
LB close or above UB, fathomed
48     22     8          2.7000     5.3000     96.2963    % 
LB close or above UB, fathomed
49     21     6          2.7000     5.3000     96.2963    % 
LB close or above UB, fathomed
50     20     6          2.7000     5.3000     96.2963    % 
UB: 5.299999999999999
branching on CartesianIndex(1, 2) with a.
51     21     7          2.7000     5.3000     96.2963    % 
LB close or above UB, fathomed
52     20     7          2.7000     5.3000     96.2963    % 
UB: 5.299999999999999
branching on 1 with b.
53     21     8          2.7000     5.3000     96.2963    % 
LB close or above UB, fathomed
54     20     8          2.7000     5.3000     96.2963    % 
LB close or above UB, fathomed
55     19     7          2.7000     5.3000     96.2963    % 
LB close or above UB, fathomed
56     18     7          2.7000     5.3000     96.2963    % 
UB: 5.299999999999999
branching on CartesianIndex(1, 3) with a.
57     19     8          2.7000     5.3000     96.2963    % 
UB: 5.299999999999999
branching on 3 with b.
58     20     9          2.7000     5.3000     96.2963    % 
LB close or above UB, fathomed
59     19     9          2.7000     5.3000     96.2963    % 
LB close or above UB, fathomed
60     18     8          2.7000     5.3000     96.2963    % 
LB close or above UB, fathomed
61     17     7          2.7500     5.3000     92.7273    % 
UB: 5.299999999999999
branching on 1 with b.
62     18     7          2.7500     5.3000     92.7273    % 
UB: 5.299999999999999
branching on 1 with b.
63     19     8          2.7500     5.3000     92.7273    % 
UB: 5.299999999999999
branching on CartesianIndex(1, 3) with a.
64     20     9          2.7500     5.3000     92.7273    % 
UB: 5.299999999999999
branching on CartesianIndex(1, 4) with c.
65     21     9          2.7500     5.3000     92.7273    % 
UB: 5.299999999999999
branching on 2 with b.
66     22     8          2.7500     5.3000     92.7273    % 
LB close or above UB, fathomed
67     21     10         2.7500     5.3000     92.7273    % 
LB close or above UB, fathomed
68     20     10         2.7500     5.3000     92.7273    % 
UB: 5.299999999999999
branching on CartesianIndex(1, 4) with c.
69     21     11         2.7500     5.3000     92.7273    % 
LB close or above UB, fathomed
70     20     11         2.7500     5.3000     92.7273    % 
UB: 5.299999999999999
branching on 3 with b.
71     21     12         2.7500     5.3000     92.7273    % 
LB close or above UB, fathomed
72     20     12         2.7500     5.3000     92.7273    % 
UB: 5.299999999999999
branching on CartesianIndex(1, 5) with c.
73     21     13         2.7500     5.3000     92.7273    % 
UB: 5.299999999999999
branching on 1 with b.
74     21     14         2.7500     5.3000     92.7273    % 
UB: 5.299999999999999
branching on CartesianIndex(2, 5) with c.
75     22     15         2.7500     5.3000     92.7273    % 
UB: 5.299999999999999
branching on CartesianIndex(1, 6) with c.
76     23     16         2.7500     5.3000     92.7273    % 
UB: 5.299999999999999
branching on CartesianIndex(2, 6) with c.
77     24     17         2.7500     5.3000     92.7273    % 
LB close or above UB, fathomed
78     23     17         2.7500     5.3000     92.7273    % 
UB: 5.299999999999999
branching on CartesianIndex(1, 7) with c.
79     24     18         2.7500     5.3000     92.7273    % 
UB: 5.299999999999999
branching on CartesianIndex(2, 7) with c.
80     25     19         2.7500     5.3000     92.7273    % 
UB: 5.299999999999999
branching on 2 with b.
81     26     20         2.7500     5.3000     92.7273    % 
LB close or above UB, fathomed
82     25     20         2.7500     5.3000     92.7273    % 
UB: 5.299999999999999
branching on 3 with b.
83     26     21         2.7500     5.3000     92.7273    % 
LB close or above UB, fathomed
84     25     21         2.7500     5.3000     92.7273    % 
LB close or above UB, fathomed
85     24     19         2.7500     5.3000     92.7273    % 
LB close or above UB, fathomed
86     23     18         2.7500     5.3000     92.7273    % 
LB close or above UB, fathomed
87     22     16         2.7500     5.3000     92.7273    % 
LB close or above UB, fathomed
88     21     15         2.7500     5.3000     92.7273    % 
UB: 5.299999999999999
branching on CartesianIndex(1, 6) with c.
89     22     16         2.7500     5.3000     92.7273    % 
UB: 5.299999999999999
branching on CartesianIndex(2, 6) with c.
90     23     17         2.7500     5.3000     92.7273    % 
LB close or above UB, fathomed
91     22     17         2.7500     5.3000     92.7273    % 
UB: 5.299999999999999
branching on 2 with b.
92     23     18         2.7500     5.3000     92.7273    % 
LB close or above UB, fathomed
93     22     18         2.7500     5.3000     92.7273    % 
LB close or above UB, fathomed
94     21     16         2.7500     5.3000     92.7273    % 
LB close or above UB, fathomed
95     20     13         2.7500     5.3000     92.7273    % 
LB close or above UB, fathomed
96     19     10         2.7500     5.3000     92.7273    % 
LB close or above UB, fathomed
97     18     10         2.7500     5.3000     92.7273    % 
UB: 5.299999999999999
branching on CartesianIndex(1, 5) with c.
98     19     11         2.7500     5.3000     92.7273    % 
UB: 5.299999999999999
branching on CartesianIndex(2, 5) with c.
99     20     12         2.7500     5.3000     92.7273    % 
LB close or above UB, fathomed
100    19     12         2.7500     5.3000     92.7273    % 
LB close or above UB, fathomed
101    18     11         2.7500     5.3000     92.7273    % 
LB close or above UB, fathomed
102    17     8          2.7500     5.3000     92.7273    % 
UB: 5.299999999999999
branching on CartesianIndex(1, 3) with a.
103    18     9          2.7500     5.3000     92.7273    % 
LB close or above UB, fathomed
104    17     9          2.7500     5.3000     92.7273    % 
UB: 5.299999999999999
branching on CartesianIndex(1, 4) with c.
105    18     10         2.7500     5.3000     92.7273    % 
LB close or above UB, fathomed
106    17     10         2.7500     5.3000     92.7273    % 
UB: 5.299999999999999
branching on 2 with b.
107    18     11         2.7500     5.3000     92.7273    % 
UB: 5.299999999999999
branching on CartesianIndex(1, 5) with c.
108    19     12         2.7500     5.3000     92.7273    % 
UB: 5.299999999999999
branching on 3 with b.
109    20     13         2.7500     5.3000     92.7273    % 
LB close or above UB, fathomed
110    19     13         2.7500     5.3000     92.7273    % 
UB: 5.299999999999999
branching on 1 with b.
111    19     14         2.7500     5.3000     92.7273    % 
UB: 5.299999999999999
branching on CartesianIndex(2, 5) with c.
112    20     15         2.7500     5.3000     92.7273    % 
LB close or above UB, fathomed
113    19     15         2.7500     5.3000     92.7273    % 
LB close or above UB, fathomed
114    18     12         2.7500     5.3000     92.7273    % 
LB close or above UB, fathomed
115    17     11         2.7500     5.3000     92.7273    % 
LB close or above UB, fathomed
116    16     8          2.7500     5.3000     92.7273    % 
LB close or above UB, fathomed
117    15     7          2.7500     5.3000     92.7273    % 
UB: 5.299999999999999
branching on CartesianIndex(1, 3) with a.
118    16     8          2.7500     5.3000     92.7273    % 
UB: 5.299999999999999
branching on CartesianIndex(1, 4) with c.
119    17     9          2.7500     5.3000     92.7273    % 
UB: 5.299999999999999
branching on CartesianIndex(2, 4) with c.
120    18     10         2.7500     5.3000     92.7273    % 
UB: 5.299999999999999
branching on 1 with b.
121    19     11         2.7500     5.3000     92.7273    % 
LB close or above UB, fathomed
122    18     11         2.7500     5.3000     92.7273    % 
UB: 5.299999999999999
branching on 2 with b.
123    19     12         2.7500     5.3000     92.7273    % 
UB: 5.299999999999999
branching on CartesianIndex(1, 5) with c.
124    20     13         2.7500     5.3000     92.7273    % 
LB close or above UB, fathomed
125    19     13         2.7500     5.3000     92.7273    % 
UB: 5.299999999999999
branching on 3 with b.
126    20     14         2.7500     5.3000     92.7273    % 
LB close or above UB, fathomed
127    19     14         2.7500     5.3000     92.7273    % 
LB close or above UB, fathomed
128    18     12         2.7500     5.3000     92.7273    % 
LB close or above UB, fathomed
129    17     10         2.7500     5.3000     92.7273    % 
UB: 5.299999999999999
branching on CartesianIndex(1, 5) with c.
130    18     11         2.7500     5.3000     92.7273    % 
LB close or above UB, fathomed
131    17     11         2.7500     5.3000     92.7273    % 
UB: 5.299999999999999
branching on CartesianIndex(1, 6) with c.
132    18     12         2.7500     5.3000     92.7273    % 
LB close or above UB, fathomed
133    17     12         2.7500     5.3000     92.7273    % 
LB close or above UB, fathomed
134    16     9          2.7500     5.3000     92.7273    % 
UB: 5.299999999999999
branching on CartesianIndex(1, 5) with c.
135    17     10         2.7500     5.3000     92.7273    % 
UB: 5.299999999999999
branching on CartesianIndex(2, 5) with c.
136    18     11         2.7500     5.3000     92.7273    % 
UB: 5.299999999999999
branching on CartesianIndex(1, 6) with c.
137    19     12         2.7500     5.3000     92.7273    % 
LB close or above UB, fathomed
138    18     12         2.7500     5.3000     92.7273    % 
LB close or above UB, fathomed
139    17     11         2.7500     5.3000     92.7273    % 
UB: 5.299999999999999
branching on 1 with b.
140    18     12         2.7500     5.3000     92.7273    % 
LB close or above UB, fathomed
141    17     12         2.7500     5.3000     92.7273    % 
UB: 5.299999999999999
branching on CartesianIndex(1, 6) with c.
142    18     13         2.7500     5.3000     92.7273    % 
LB close or above UB, fathomed
143    17     13         2.7500     5.3000     92.7273    % 
LB close or above UB, fathomed
144    16     10         2.7500     5.3000     92.7273    % 
UB: 5.299999999999999
branching on CartesianIndex(1, 6) with c.
145    17     11         2.7500     5.3000     92.7273    % 
LB close or above UB, fathomed
146    16     11         2.7500     5.3000     92.7273    % 
LB close or above UB, fathomed
147    15     8          2.7500     5.3000     92.7273    % 
LB close or above UB, fathomed
148    14     7          2.7500     5.3000     92.7273    % 
UB: 5.299999999999999
branching on CartesianIndex(1, 3) with a.
149    15     8          2.7500     5.3000     92.7273    % 
UB: 5.299999999999999
branching on CartesianIndex(1, 4) with c.
150    16     9          2.7500     5.3000     92.7273    % 
LB close or above UB, fathomed
151    15     9          2.7500     5.3000     92.7273    % 
UB: 5.299999999999999
branching on CartesianIndex(1, 5) with c.
152    16     10         2.7500     5.3000     92.7273    % 
UB: 5.299999999999999
branching on CartesianIndex(2, 5) with c.
153    17     11         2.7500     5.3000     92.7273    % 
LB close or above UB, fathomed
154    16     11         2.7500     5.3000     92.7273    % 
UB: 5.299999999999999
branching on 1 with b.
155    17     12         2.7500     5.3000     92.7273    % 
UB: 5.299999999999999
branching on CartesianIndex(1, 6) with c.
156    18     13         2.7500     5.3000     92.7273    % 
LB close or above UB, fathomed
157    17     13         2.7500     5.3000     92.7273    % 
LB close or above UB, fathomed
158    16     12         2.7500     5.3000     92.7273    % 
LB close or above UB, fathomed
159    15     10         2.7500     5.3000     92.7273    % 
LB close or above UB, fathomed
160    14     8          2.7500     5.3000     92.7273    % 
LB close or above UB, fathomed
161    13     10         2.7500     5.3000     92.7273    % 
UB: 5.299999999999999
branching on CartesianIndex(1, 6) with c.
162    14     10         2.7500     5.3000     92.7273    % 
LB close or above UB, fathomed
163    13     13         2.7500     5.3000     92.7273    % 
LB close or above UB, fathomed
164    12     13         2.7500     5.3000     92.7273    % 
UB: 5.299999999999999
branching on 3 with b.
165    13     14         2.7500     5.3000     92.7273    % 
LB close or above UB, fathomed
166    12     14         2.7500     5.3000     92.7273    % 
LB close or above UB, fathomed
167    11     12         2.7500     5.3000     92.7273    % 
LB close or above UB, fathomed
168    10     12         2.7500     5.3000     92.7273    % 
UB: 5.299999999999999
branching on 2 with b.
169    11     13         2.7500     5.3000     92.7273    % 
LB close or above UB, fathomed
170    10     13         2.7500     5.3000     92.7273    % 
UB: 5.299999999999999
branching on CartesianIndex(1, 6) with c.
171    11     14         2.7500     5.3000     92.7273    % 
LB close or above UB, fathomed
172    10     14         2.7500     5.3000     92.7273    % 
LB close or above UB, fathomed
173    9      11         2.7500     5.3000     92.7273    % 
UB: 5.299999999999999
branching on CartesianIndex(1, 6) with c.
174    10     12         2.7500     5.3000     92.7273    % 
LB close or above UB, fathomed
175    9      12         2.7500     5.3000     92.7273    % 
LB close or above UB, fathomed
176    8      11         2.7500     5.3000     92.7273    % 
LB close or above UB, fathomed
177    7      9          2.7500     5.3000     92.7273    % 
UB: 5.299999999999999
branching on CartesianIndex(2, 4) with c.
178    8      10         2.7500     5.3000     92.7273    % 
UB: 5.299999999999999
branching on CartesianIndex(1, 5) with c.
179    9      11         2.7500     5.3000     92.7273    % 
LB close or above UB, fathomed
180    8      11         2.7500     5.3000     92.7273    % 
UB: 5.299999999999999
branching on 1 with b.
181    9      12         2.7500     5.3000     92.7273    % 
LB close or above UB, fathomed
182    8      12         2.7500     5.3000     92.7273    % 
UB: 5.299999999999999
branching on 2 with b.
183    9      13         2.7500     5.3000     92.7273    % 
UB: 5.299999999999999
branching on CartesianIndex(1, 6) with c.
184    10     14         2.7500     5.3000     92.7273    % 
LB close or above UB, fathomed
185    9      14         2.7500     5.3000     92.7273    % 
LB close or above UB, fathomed
186    8      13         2.7500     5.3000     92.7273    % 
LB close or above UB, fathomed
187    7      10         2.7500     5.3000     92.7273    % 
UB: 5.299999999999999
branching on CartesianIndex(1, 5) with c.
188    8      11         2.7500     5.3000     92.7273    % 
LB close or above UB, fathomed
189    7      11         2.7500     5.3000     92.7273    % 
UB: 5.299999999999999
branching on CartesianIndex(1, 6) with c.
190    8      12         2.7500     5.3000     92.7273    % 
LB close or above UB, fathomed
191    7      12         2.7500     5.3000     92.7273    % 
LB close or above UB, fathomed
192    6      9          2.7500     5.3000     92.7273    % 
LB close or above UB, fathomed
193    5      7          2.7500     5.3000     92.7273    % 
UB: 5.299999999999999
branching on CartesianIndex(1, 3) with a.
194    6      8          2.7500     5.3000     92.7273    % 
LB close or above UB, fathomed
195    5      8          2.7500     5.3000     92.7273    % 
UB: 5.299999999999999
branching on 1 with b.
196    6      9          2.7500     5.3000     92.7273    % 
LB close or above UB, fathomed
197    5      9          2.7500     5.3000     92.7273    % 
UB: 5.299999999999999
branching on 2 with b.
198    6      10         2.7500     5.3000     92.7273    % 
UB: 5.299999999999999
branching on 3 with b.
199    7      11         2.7500     5.3000     92.7273    % 
LB close or above UB, fathomed
200    6      11         2.7500     5.3000     92.7273    % 
LB close or above UB, fathomed
201    5      10         2.7500     5.3000     92.7273    % 
UB: 5.299999999999999
branching on CartesianIndex(1, 4) with c.
202    6      11         2.7500     5.3000     92.7273    % 
LB close or above UB, fathomed
203    5      11         2.7500     5.3000     92.7273    % 
UB: 5.299999999999999
branching on CartesianIndex(1, 5) with c.
204    6      12         2.7500     5.3000     92.7273    % 
UB: 5.299999999999999
branching on CartesianIndex(2, 5) with c.
205    7      13         2.7500     5.3000     92.7273    % 
UB: 5.299999999999999
branching on 3 with b.
206    8      14         2.7500     5.3000     92.7273    % 
LB close or above UB, fathomed
207    7      14         2.7500     5.3000     92.7273    % 
LB close or above UB, fathomed
208    6      13         2.7500     5.3000     92.7273    % 
UB: 5.299999999999999
branching on 3 with b.
209    7      14         2.7500     5.3000     92.7273    % 
LB close or above UB, fathomed
210    6      14         2.7500     5.3000     92.7273    % 
LB close or above UB, fathomed
211    5      12         2.7500     5.3000     92.7273    % 
UB: 5.299999999999999
branching on CartesianIndex(1, 6) with c.
212    6      13         2.7500     5.3000     92.7273    % 
LB close or above UB, fathomed
213    5      13         2.7500     5.3000     92.7273    % 
LB close or above UB, fathomed
214    4      7          2.7500     5.3000     92.7273    % 
UB: 5.299999999999999
branching on 1 with b.
215    5      8          2.7500     5.3000     92.7273    % 
LB close or above UB, fathomed
216    4      8          2.7500     5.3000     92.7273    % 
UB: 5.299999999999999
branching on CartesianIndex(1, 3) with a.
217    5      9          2.7500     5.3000     92.7273    % 
LB close or above UB, fathomed
218    4      9          2.7500     5.3000     92.7273    % 
UB: 5.299999999999999
branching on 2 with b.
219    5      10         2.7500     5.3000     92.7273    % 
UB: 5.299999999999999
branching on CartesianIndex(1, 4) with c.
220    6      11         2.7500     5.3000     92.7273    % 
UB: 5.299999999999999
branching on CartesianIndex(2, 4) with c.
221    7      12         2.7500     5.3000     92.7273    % 
UB: 5.299999999999999
branching on 3 with b.
222    8      13         2.7500     5.3000     92.7273    % 
LB close or above UB, fathomed
223    7      13         2.7500     5.3000     92.7273    % 
LB close or above UB, fathomed
224    6      12         2.7500     5.3000     92.7273    % 
UB: 5.299999999999999
branching on CartesianIndex(1, 5) with c.
225    7      13         2.7500     5.3000     92.7273    % 
LB close or above UB, fathomed
226    6      13         2.7500     5.3000     92.7273    % 
UB: 5.299999999999999
branching on CartesianIndex(1, 6) with c.
227    7      14         2.7500     5.3000     92.7273    % 
LB close or above UB, fathomed
228    6      14         2.7500     5.3000     92.7273    % 
LB close or above UB, fathomed
229    5      11         2.7500     5.3000     92.7273    % 
UB: 5.299999999999999
branching on 3 with b.
230    6      12         2.7500     5.3000     92.7273    % 
LB close or above UB, fathomed
231    5      12         2.7500     5.3000     92.7273    % 
LB close or above UB, fathomed
232    4      10         2.7500     5.3000     92.7273    % 
UB: 5.299999999999999
branching on CartesianIndex(1, 4) with c.
233    5      11         2.7500     5.3000     92.7273    % 
LB close or above UB, fathomed
234    4      11         2.7500     5.3000     92.7273    % 
UB: 5.299999999999999
branching on CartesianIndex(1, 5) with c.
235    5      12         2.7500     5.3000     92.7273    % 
UB: 5.299999999999999
branching on CartesianIndex(2, 5) with c.
236    6      13         2.7500     5.3000     92.7273    % 
UB: 5.299999999999999
branching on 3 with b.
237    7      14         2.7500     5.3000     92.7273    % 
LB close or above UB, fathomed
238    6      14         2.7500     5.3000     92.7273    % 
LB close or above UB, fathomed
239    5      13         2.7500     5.3000     92.7273    % 
UB: 5.299999999999999
branching on CartesianIndex(1, 6) with c.
240    6      14         2.7500     5.3000     92.7273    % 
LB close or above UB, fathomed
241    5      14         2.7500     5.3000     92.7273    % 
LB close or above UB, fathomed
242    4      12         2.7500     5.3000     92.7273    % 
UB: 5.299999999999999
branching on 3 with b.
243    5      13         2.7500     5.3000     92.7273    % 
LB close or above UB, fathomed
244    4      13         2.7500     5.3000     92.7273    % 
LB close or above UB, fathomed
245    3      8          2.7500     5.3000     92.7273    % 
LB close or above UB, fathomed
246    2      8          2.7500     5.3000     92.7273    % 
UB: 5.299999999999999
branching on CartesianIndex(1, 5) with c.
247    3      9          2.7500     5.3000     92.7273    % 
UB: 5.299999999999999
branching on 1 with b.
248    4      10         2.7500     5.3000     92.7273    % 
LB close or above UB, fathomed
249    3      10         2.7500     5.3000     92.7273    % 
UB: 5.299999999999999
branching on 1 with b.
250    4      11         2.7500     5.3000     92.7273    % 
LB close or above UB, fathomed
251    3      11         2.7500     5.3000     92.7273    % 
LB close or above UB, fathomed
252    2      9          2.7500     5.3000     92.7273    % 
LB close or above UB, fathomed
253    1      11         2.7500     5.3000     92.7273    % 
LB close or above UB, fathomed
254    0      11         2.7500     5.3000     92.7273    % 
LB close or above UB, fathomed
all node solved
solved nodes:  255
255                                                   5.2778e+00     5.3000e+00     0.4211  % 
2×3 Matrix{Float64}:
 1.0  0.0  0.0
 0.0  0.0  1.0
3-element Vector{Float64}:
 0.16666666665
 0.0
 0.16666666665
3×7 Matrix{Float64}:
 0.0  0.0  0.0  0.0  1.0  1.0  0.0
 0.0  0.0  0.0  0.0  0.0  0.0  1.0
 0.0  0.0  0.0  0.0  0.0  0.0  0.0
3-element Vector{Float64}:
 1.0
 0.0
 1.0
2×3 Matrix{Float64}:
 0.0  0.0  1.0
 1.0  0.0  0.0
3-element Vector{Float64}:
 0.3333333332999999
 0.0
 1.0
3×7 Matrix{Float64}:
 0.0  0.0  0.0  0.0  1.0  0.0  0.0
 0.0  0.0  0.0  0.0  0.0  1.0  0.0
 0.0  0.0  0.0  1.0  0.0  0.0  1.0
3-element Vector{Float64}:
 1.0
 0.0
 1.0
comparison (CRT and Glb)on prediction: Dict{Bool, Int64}(0 => 2, 1 => 2)
Dataname	 time	 objv	 lb	 gap	 train_w	 train_g	 test_w	 test_g
small_toy	 18.26	 5.299999999999999	 5.278	 0.0042	 66.667	 77.778	 75.0	 75.0
